<?xml version="1.0" encoding="UTF-8"?>
<!-- Generated by org.testng.reporters.JUnitReportReporter -->
<testsuite hostname="DESKTOP-N7IGJPJ" failures="0" tests="1" name="frameworkPackage.Sample" time="5.008" errors="0" timestamp="2022-03-08T10:21:00 IST" skipped="0">
  <testcase classname="frameworkPackage.Sample" name="SampleTest4" time="5.008"/>
  <system-out/>
</testsuite> <!-- frameworkPackage.Sample -->
