<?xml version="1.0" encoding="UTF-8"?>
<!-- Generated by org.testng.reporters.JUnitReportReporter -->
<testsuite hostname="DESKTOP-N7IGJPJ" failures="0" tests="3" name="frameworkPackage.PutPatchDelete" time="7.228" errors="0" timestamp="2022-03-14T10:33:35 IST" skipped="0">
  <testcase classname="frameworkPackage.PutPatchDelete" name="testPost" time="6.223"/>
  <system-out/>
  <testcase classname="frameworkPackage.PutPatchDelete" name="testPatch" time="0.542"/>
  <system-out/>
  <testcase classname="frameworkPackage.PutPatchDelete" name="testDelete" time="0.463"/>
  <system-out/>
</testsuite> <!-- frameworkPackage.PutPatchDelete -->
